<?xml version="1.0" encoding="UTF-8"?>
<!-- Generated by org.testng.reporters.JUnitReportReporter -->
<testsuite hostname="LAPTOP-VNU6COA4" failures="0" tests="1" name="com.testNg.ApiTesting.GETMethodTests" time="2.645" errors="0" timestamp="2025-02-05T14:10:59 EST" skipped="0">
  <testcase classname="com.testNg.ApiTesting.GETMethodTests" name="getAllPosts" time="2.645"/>
  <system-out/>
</testsuite> <!-- com.testNg.ApiTesting.GETMethodTests -->
